<?xml version="1.0" encoding="UTF-8"?>
<robot generator="Robot 4.1.3 (Python 3.10.2 on win32)" generated="20220323 12:03:39.117" rpa="false" schemaversion="2">
<suite id="s1" name="Validate Items Wishlist" source="D:\L&amp;T_Tech\Robot_Framework\Robot_Framework_Caption_Project\My_Profile_Suite\Validate_Items_Wishlist.robot">
<test id="s1-t1" name="Verify Valid Credential Test">
<kw name="Launch Browser" library="CommonFunctionality">
<if>
<branch type="IF" condition="'${BROWSER_NAME}'=='edge'">
<kw name="Set Local Variable" library="BuiltIn">
<arg>${driver_name}</arg>
<arg>msedgedriver.exe</arg>
<doc>Makes a variable available everywhere within the local scope.</doc>
<msg timestamp="20220323 12:03:39.562" level="INFO">${driver_name} = msedgedriver.exe</msg>
<status status="PASS" starttime="20220323 12:03:39.561" endtime="20220323 12:03:39.562"/>
</kw>
<status status="PASS" starttime="20220323 12:03:39.561" endtime="20220323 12:03:39.562"/>
</branch>
<branch type="ELSE IF" condition="'${BROWSER_NAME}'== 'ff'">
<kw name="Set Local Variable" library="BuiltIn">
<arg>${driver_name}</arg>
<arg>geckodriver.exe</arg>
<doc>Makes a variable available everywhere within the local scope.</doc>
<status status="NOT RUN" starttime="20220323 12:03:39.563" endtime="20220323 12:03:39.563"/>
</kw>
<status status="NOT RUN" starttime="20220323 12:03:39.563" endtime="20220323 12:03:39.563"/>
</branch>
<branch type="ELSE">
<kw name="Set Local Variable" library="BuiltIn">
<arg>${driver_name}</arg>
<arg>chromedriver.exe</arg>
<doc>Makes a variable available everywhere within the local scope.</doc>
<status status="NOT RUN" starttime="20220323 12:03:39.563" endtime="20220323 12:03:39.563"/>
</kw>
<status status="NOT RUN" starttime="20220323 12:03:39.563" endtime="20220323 12:03:39.563"/>
</branch>
<status status="PASS" starttime="20220323 12:03:39.561" endtime="20220323 12:03:39.563"/>
</if>
<kw name="Open Browser" library="SeleniumLibrary">
<arg>browser=${BROWSER_NAME}</arg>
<arg>executable_path=${EXECDIR}${/}Driver${/}${driver_name}</arg>
<doc>Opens a new browser instance to the optional ``url``.</doc>
<msg timestamp="20220323 12:03:39.564" level="INFO">Opening browser 'edge' to base url 'None'.</msg>
<status status="PASS" starttime="20220323 12:03:39.563" endtime="20220323 12:03:41.722"/>
</kw>
<kw name="Maximize Browser Window" library="SeleniumLibrary">
<doc>Maximizes current browser window.</doc>
<status status="PASS" starttime="20220323 12:03:41.723" endtime="20220323 12:03:41.850"/>
</kw>
<kw name="Set Selenium Implicit Wait" library="SeleniumLibrary">
<arg>30s</arg>
<doc>Sets the implicit wait value used by Selenium.</doc>
<status status="PASS" starttime="20220323 12:03:41.850" endtime="20220323 12:03:41.854"/>
</kw>
<kw name="Set Screenshot Directory" library="SeleniumLibrary">
<arg>${EXECDIR}${/}Screenshot</arg>
<doc>Sets the directory for captured screenshots.</doc>
<status status="PASS" starttime="20220323 12:03:41.854" endtime="20220323 12:03:41.855"/>
</kw>
<kw name="Go To" library="SeleniumLibrary">
<arg>url=${URL}</arg>
<doc>Navigates the current browser window to the provided ``url``.</doc>
<msg timestamp="20220323 12:03:41.855" level="INFO">Opening url 'https://www.homelane.com/'</msg>
<status status="PASS" starttime="20220323 12:03:41.855" endtime="20220323 12:03:48.583"/>
</kw>
<kw name="Capture Page Screenshot" library="SeleniumLibrary">
<doc>Takes a screenshot of the current page and embeds it into a log file.</doc>
<msg timestamp="20220323 12:03:50.130" level="INFO" html="true">&lt;/td&gt;&lt;/tr&gt;&lt;tr&gt;&lt;td colspan="3"&gt;&lt;a href="Screenshot/selenium-screenshot-271.png"&gt;&lt;img src="Screenshot/selenium-screenshot-271.png" width="800px"&gt;&lt;/a&gt;</msg>
<status status="PASS" starttime="20220323 12:03:48.584" endtime="20220323 12:03:50.130"/>
</kw>
<status status="PASS" starttime="20220323 12:03:39.561" endtime="20220323 12:03:50.130"/>
</kw>
<kw name="Click for UserName_Password Page Link" library="Login_page">
<kw name="Click Element" library="SeleniumLibrary">
<arg>${USER_NAME_PAGE_LOCATOR}</arg>
<doc>Click the element identified by ``locator``.</doc>
<msg timestamp="20220323 12:03:50.133" level="INFO">Clicking element 'xpath=//a[text()='Login/Register']'.</msg>
<status status="PASS" starttime="20220323 12:03:50.132" endtime="20220323 12:03:50.246"/>
</kw>
<status status="PASS" starttime="20220323 12:03:50.131" endtime="20220323 12:03:50.247"/>
</kw>
<kw name="Click for Login Page" library="Login_page">
<kw name="Click Element" library="SeleniumLibrary">
<arg>${LOGIN_PAGE_LOCATOR}</arg>
<doc>Click the element identified by ``locator``.</doc>
<msg timestamp="20220323 12:03:50.249" level="INFO">Clicking element 'id=login'.</msg>
<status status="PASS" starttime="20220323 12:03:50.249" endtime="20220323 12:03:55.617"/>
</kw>
<status status="PASS" starttime="20220323 12:03:50.248" endtime="20220323 12:03:55.617"/>
</kw>
<kw name="Enter Username" library="Login_page">
<arg>${username}</arg>
<kw name="Input Text" library="SeleniumLibrary">
<arg>${USER_NAME_LOCATOR}</arg>
<arg>${Username}</arg>
<doc>Types the given ``text`` into the text field identified by ``locator``.</doc>
<msg timestamp="20220323 12:03:55.619" level="INFO">Typing text 'cse20013@tezu.ac.in' into text field 'name=email'.</msg>
<status status="PASS" starttime="20220323 12:03:55.618" endtime="20220323 12:03:55.852"/>
</kw>
<status status="PASS" starttime="20220323 12:03:55.618" endtime="20220323 12:03:55.852"/>
</kw>
<kw name="Enter Password" library="Login_page">
<arg>${password}</arg>
<kw name="Input Password" library="SeleniumLibrary">
<arg>${PASSWORD_LOCATOR}</arg>
<arg>${password}</arg>
<doc>Types the given password into the text field identified by ``locator``.</doc>
<msg timestamp="20220323 12:03:55.854" level="INFO">Typing password into text field 'name=password'.</msg>
<msg timestamp="20220323 12:03:55.941" level="INFO">Temporally setting log level to: NONE</msg>
<msg timestamp="20220323 12:03:56.083" level="INFO">Log level changed from NONE to INFO.</msg>
<status status="PASS" starttime="20220323 12:03:55.853" endtime="20220323 12:03:56.084"/>
</kw>
<status status="PASS" starttime="20220323 12:03:55.853" endtime="20220323 12:03:56.084"/>
</kw>
<kw name="Click on Login" library="Login_page">
<kw name="Click Button" library="SeleniumLibrary">
<arg>${LOGIN_LOCATOR}</arg>
<doc>Clicks the button identified by ``locator``.</doc>
<msg timestamp="20220323 12:03:56.086" level="INFO">Clicking button 'id=enterlogin'.</msg>
<status status="PASS" starttime="20220323 12:03:56.085" endtime="20220323 12:03:56.223"/>
</kw>
<status status="PASS" starttime="20220323 12:03:56.085" endtime="20220323 12:03:56.223"/>
</kw>
<kw name="Click Element" library="SeleniumLibrary">
<arg>xpath=//a[text()="Modular Kitchen"]</arg>
<doc>Click the element identified by ``locator``.</doc>
<msg timestamp="20220323 12:03:56.224" level="INFO">Clicking element 'xpath=//a[text()="Modular Kitchen"]'.</msg>
<status status="PASS" starttime="20220323 12:03:56.223" endtime="20220323 12:03:56.987"/>
</kw>
<kw name="Click Element" library="SeleniumLibrary">
<arg>xpath=//*[@id="plpPage"]/div[1]/div[4]/div/div[1]/ul/div[3]/div/div[1]/div/div[1]/div/div/div/div/div/div/div/img</arg>
<doc>Click the element identified by ``locator``.</doc>
<msg timestamp="20220323 12:03:56.994" level="INFO">Clicking element 'xpath=//*[@id="plpPage"]/div[1]/div[4]/div/div[1]/ul/div[3]/div/div[1]/div/div[1]/div/div/div/div/div/div/div/img'.</msg>
<status status="PASS" starttime="20220323 12:03:56.994" endtime="20220323 12:04:09.844"/>
</kw>
<kw name="Click Element" library="SeleniumLibrary">
<arg>xpath=//div[@id="wishlist"]</arg>
<doc>Click the element identified by ``locator``.</doc>
<msg timestamp="20220323 12:04:09.845" level="INFO">Clicking element 'xpath=//div[@id="wishlist"]'.</msg>
<status status="PASS" starttime="20220323 12:04:09.845" endtime="20220323 12:04:12.662"/>
</kw>
<kw name="Click Element" library="SeleniumLibrary">
<arg>xpath=//div[@class="c-close"]</arg>
<doc>Click the element identified by ``locator``.</doc>
<msg timestamp="20220323 12:04:12.663" level="INFO">Clicking element 'xpath=//div[@class="c-close"]'.</msg>
<status status="PASS" starttime="20220323 12:04:12.663" endtime="20220323 12:04:12.755"/>
</kw>
<kw name="Click Element" library="SeleniumLibrary">
<arg>id=fp-user</arg>
<doc>Click the element identified by ``locator``.</doc>
<msg timestamp="20220323 12:04:12.757" level="INFO">Clicking element 'id=fp-user'.</msg>
<status status="PASS" starttime="20220323 12:04:12.756" endtime="20220323 12:04:12.832"/>
</kw>
<kw name="Click Element" library="SeleniumLibrary">
<arg>xpath=//a[@href='https://www.homelane.com/account/wishlist']</arg>
<doc>Click the element identified by ``locator``.</doc>
<msg timestamp="20220323 12:04:12.834" level="INFO">Clicking element 'xpath=//a[@href='https://www.homelane.com/account/wishlist']'.</msg>
<status status="PASS" starttime="20220323 12:04:12.833" endtime="20220323 12:04:19.216"/>
</kw>
<kw name="Page Should Contain" library="SeleniumLibrary">
<arg>Purple Haze Straight Modular Kitchen</arg>
<doc>Verifies that current page contains ``text``.</doc>
<msg timestamp="20220323 12:04:26.260" level="INFO">Current page contains text 'Purple Haze Straight Modular Kitchen'.</msg>
<status status="PASS" starttime="20220323 12:04:19.217" endtime="20220323 12:04:26.260"/>
</kw>
<kw name="Set Screenshot Directory" library="SeleniumLibrary">
<arg>${EXECDIR}${/}Screenshot</arg>
<doc>Sets the directory for captured screenshots.</doc>
<status status="PASS" starttime="20220323 12:04:26.263" endtime="20220323 12:04:26.264"/>
</kw>
<kw name="Close Browser" library="SeleniumLibrary" type="TEARDOWN">
<doc>Closes the current browser.</doc>
<status status="PASS" starttime="20220323 12:04:26.266" endtime="20220323 12:04:29.977"/>
</kw>
<status status="PASS" starttime="20220323 12:03:39.560" endtime="20220323 12:04:29.979"/>
</test>
<doc>This suite will handle all the test cases related to insertion of Items
in the Wish List. Test case 003</doc>
<status status="PASS" starttime="20220323 12:03:39.125" endtime="20220323 12:04:29.986"/>
</suite>
<statistics>
<total>
<stat pass="1" fail="0" skip="0">All Tests</stat>
</total>
<tag>
</tag>
<suite>
<stat pass="1" fail="0" skip="0" id="s1" name="Validate Items Wishlist">Validate Items Wishlist</stat>
</suite>
</statistics>
<errors>
</errors>
</robot>
